# JRE version: OpenJDK Runtime Environment (8.0_152-b01) (build 1.8.0_152-release-915-b01)
# Java VM: OpenJDK 64-Bit Server VM (25.152-b01 mixed mode windows-amd64 compressed oops)
Heap:
 PSYoungGen      total 190464K, used 61013K [0x00000006eab00000, 0x00000006f7280000, 0x00000007c0000000)
  eden space 177152K, 26% used [0x00000006eab00000,0x00000006ed995b20,0x00000006f5800000)
  from space 13312K, 99% used [0x00000006f5800000,0x00000006f64ff9d0,0x00000006f6500000)
  to   space 11776K, 0% used [0x00000006f6500000,0x00000006f6500000,0x00000006f7080000)
 ParOldGen       total 78848K, used 24859K [0x0000000540000000, 0x0000000544d00000, 0x00000006eab00000)
  object space 78848K, 31% used [0x0000000540000000,0x0000000541846de8,0x0000000544d00000)
 Metaspace       used 53425K, capacity 55378K, committed 55512K, reserved 1097728K
  class space    used 7178K, capacity 7680K, committed 7680K, reserved 1048576K
GC Heap History (10 events):
Event: 23.675 GC heap before
{Heap before GC invocations=7 (full 1):
 PSYoungGen      total 71680K, used 71674K [0x00000006eab00000, 0x00000006f2d80000, 0x00000007c0000000)
  eden space 66560K, 100% used [0x00000006eab00000,0x00000006eec00000,0x00000006eec00000)
  from space 5120K, 99% used [0x00000006eec00000,0x00000006ef0fe9d0,0x00000006ef100000)
  to   space 10240K, 0% used [0x00000006f2380000,0x00000006f2380000,0x00000006f2d80000)
 ParOldGen       total 56832K, used 11248K [0x0000000540000000, 0x0000000543780000, 0x00000006eab00000)
  object space 56832K, 19% used [0x0000000540000000,0x0000000540afc0c8,0x0000000543780000)
 Metaspace       used 30333K, capacity 31000K, committed 31360K, reserved 1077248K
  class space    used 4127K, capacity 4355K, committed 4480K, reserved 1048576K
Event: 23.715 GC heap after
Heap after GC invocations=7 (full 1):
 PSYoungGen      total 119296K, used 8442K [0x00000006eab00000, 0x00000006f2c00000, 0x00000007c0000000)
  eden space 110592K, 0% used [0x00000006eab00000,0x00000006eab00000,0x00000006f1700000)
  from space 8704K, 96% used [0x00000006f2380000,0x00000006f2bbead8,0x00000006f2c00000)
  to   space 10752K, 0% used [0x00000006f1700000,0x00000006f1700000,0x00000006f2180000)
 ParOldGen       total 56832K, used 11320K [0x0000000540000000, 0x0000000543780000, 0x00000006eab00000)
  object space 56832K, 19% used [0x0000000540000000,0x0000000540b0e0d8,0x0000000543780000)
 Metaspace       used 30333K, capacity 31000K, committed 31360K, reserved 1077248K
  class space    used 4127K, capacity 4355K, committed 4480K, reserved 1048576K
}
Event: 25.270 GC heap before
{Heap before GC invocations=8 (full 1):
 PSYoungGen      total 119296K, used 62214K [0x00000006eab00000, 0x00000006f2c00000, 0x00000007c0000000)
  eden space 110592K, 48% used [0x00000006eab00000,0x00000006edf82da0,0x00000006f1700000)
  from space 8704K, 96% used [0x00000006f2380000,0x00000006f2bbead8,0x00000006f2c00000)
  to   space 10752K, 0% used [0x00000006f1700000,0x00000006f1700000,0x00000006f2180000)
 ParOldGen       total 56832K, used 11320K [0x0000000540000000, 0x0000000543780000, 0x00000006eab00000)
  object space 56832K, 19% used [0x0000000540000000,0x0000000540b0e0d8,0x0000000543780000)
 Metaspace       used 34398K, capacity 35300K, committed 35416K, reserved 1079296K
  class space    used 4675K, capacity 4988K, committed 4992K, reserved 1048576K
Event: 25.283 GC heap after
Heap after GC invocations=8 (full 1):
 PSYoungGen      total 121344K, used 9856K [0x00000006eab00000, 0x00000006f7080000, 0x00000007c0000000)
  eden space 110592K, 0% used [0x00000006eab00000,0x00000006eab00000,0x00000006f1700000)
  from space 10752K, 91% used [0x00000006f1700000,0x00000006f20a0180,0x00000006f2180000)
  to   space 11776K, 0% used [0x00000006f6500000,0x00000006f6500000,0x00000006f7080000)
 ParOldGen       total 56832K, used 11328K [0x0000000540000000, 0x0000000543780000, 0x00000006eab00000)
  object space 56832K, 19% used [0x0000000540000000,0x0000000540b100d8,0x0000000543780000)
 Metaspace       used 34398K, capacity 35300K, committed 35416K, reserved 1079296K
  class space    used 4675K, capacity 4988K, committed 4992K, reserved 1048576K
}
Event: 25.283 GC heap before
{Heap before GC invocations=9 (full 2):
 PSYoungGen      total 121344K, used 9856K [0x00000006eab00000, 0x00000006f7080000, 0x00000007c0000000)
  eden space 110592K, 0% used [0x00000006eab00000,0x00000006eab00000,0x00000006f1700000)
  from space 10752K, 91% used [0x00000006f1700000,0x00000006f20a0180,0x00000006f2180000)
  to   space 11776K, 0% used [0x00000006f6500000,0x00000006f6500000,0x00000006f7080000)
 ParOldGen       total 56832K, used 11328K [0x0000000540000000, 0x0000000543780000, 0x00000006eab00000)
  object space 56832K, 19% used [0x0000000540000000,0x0000000540b100d8,0x0000000543780000)
 Metaspace       used 34398K, capacity 35300K, committed 35416K, reserved 1079296K
  class space    used 4675K, capacity 4988K, committed 4992K, reserved 1048576K
Event: 25.407 GC heap after
Heap after GC invocations=9 (full 2):
 PSYoungGen      total 121344K, used 0K [0x00000006eab00000, 0x00000006f7080000, 0x00000007c0000000)
  eden space 110592K, 0% used [0x00000006eab00000,0x00000006eab00000,0x00000006f1700000)
  from space 10752K, 0% used [0x00000006f1700000,0x00000006f1700000,0x00000006f2180000)
  to   space 11776K, 0% used [0x00000006f6500000,0x00000006f6500000,0x00000006f7080000)
 ParOldGen       total 78848K, used 16064K [0x0000000540000000, 0x0000000544d00000, 0x00000006eab00000)
  object space 78848K, 20% used [0x0000000540000000,0x0000000540fb00a8,0x0000000544d00000)
 Metaspace       used 34398K, capacity 35300K, committed 35416K, reserved 1079296K
  class space    used 4675K, capacity 4988K, committed 4992K, reserved 1048576K
}
Event: 29.152 GC heap before
{Heap before GC invocations=10 (full 2):
 PSYoungGen      total 121344K, used 110592K [0x00000006eab00000, 0x00000006f7080000, 0x00000007c0000000)
  eden space 110592K, 100% used [0x00000006eab00000,0x00000006f1700000,0x00000006f1700000)
  from space 10752K, 0% used [0x00000006f1700000,0x00000006f1700000,0x00000006f2180000)
  to   space 11776K, 0% used [0x00000006f6500000,0x00000006f6500000,0x00000006f7080000)
 ParOldGen       total 78848K, used 16064K [0x0000000540000000, 0x0000000544d00000, 0x00000006eab00000)
  object space 78848K, 20% used [0x0000000540000000,0x0000000540fb00a8,0x0000000544d00000)
 Metaspace       used 41406K, capacity 42530K, committed 42840K, reserved 1085440K
  class space    used 5522K, capacity 5890K, committed 6016K, reserved 1048576K
Event: 29.183 GC heap after
Heap after GC invocations=10 (full 2):
 PSYoungGen      total 188928K, used 11774K [0x00000006eab00000, 0x00000006f7280000, 0x00000007c0000000)
  eden space 177152K, 0% used [0x00000006eab00000,0x00000006eab00000,0x00000006f5800000)
  from space 11776K, 99% used [0x00000006f6500000,0x00000006f707f9f8,0x00000006f7080000)
  to   space 13312K, 0% used [0x00000006f5800000,0x00000006f5800000,0x00000006f6500000)
 ParOldGen       total 78848K, used 16588K [0x0000000540000000, 0x0000000544d00000, 0x00000006eab00000)
  object space 78848K, 21% used [0x0000000540000000,0x00000005410330f0,0x0000000544d00000)
 Metaspace       used 41406K, capacity 42530K, committed 42840K, reserved 1085440K
  class space    used 5522K, capacity 5890K, committed 6016K, reserved 1048576K
}
Event: 35.229 GC heap before
{Heap before GC invocations=11 (full 2):
 PSYoungGen      total 188928K, used 188926K [0x00000006eab00000, 0x00000006f7280000, 0x00000007c0000000)
  eden space 177152K, 100% used [0x00000006eab00000,0x00000006f5800000,0x00000006f5800000)
  from space 11776K, 99% used [0x00000006f6500000,0x00000006f707f9f8,0x00000006f7080000)
  to   space 13312K, 0% used [0x00000006f5800000,0x00000006f5800000,0x00000006f6500000)
 ParOldGen       total 78848K, used 16588K [0x0000000540000000, 0x0000000544d00000, 0x00000006eab00000)
  object space 78848K, 21% used [0x0000000540000000,0x00000005410330f0,0x0000000544d00000)
 Metaspace       used 52068K, capacity 53942K, committed 54104K, reserved 1095680K
  class space    used 7006K, capacity 7508K, committed 7552K, reserved 1048576K
Event: 35.279 GC heap after
Heap after GC invocations=11 (full 2):
 PSYoungGen      total 190464K, used 13310K [0x00000006eab00000, 0x00000006f7280000, 0x00000007c0000000)
  eden space 177152K, 0% used [0x00000006eab00000,0x00000006eab00000,0x00000006f5800000)
  from space 13312K, 99% used [0x00000006f5800000,0x00000006f64ff9d0,0x00000006f6500000)
  to   space 11776K, 0% used [0x00000006f6500000,0x00000006f6500000,0x00000006f7080000)
 ParOldGen       total 78848K, used 24859K [0x0000000540000000, 0x0000000544d00000, 0x00000006eab00000)
  object space 78848K, 31% used [0x0000000540000000,0x0000000541846de8,0x0000000544d00000)
 Metaspace       used 52068K, capacity 53942K, committed 54104K, reserved 1095680K
  class space    used 7006K, capacity 7508K, committed 7552K, reserved 1048576K
}

