# JRE version: OpenJDK Runtime Environment (8.0_152-b01) (build 1.8.0_152-release-915-b01)
# Java VM: OpenJDK 64-Bit Server VM (25.152-b01 mixed mode windows-amd64 compressed oops)
Heap:
 PSYoungGen      total 85504K, used 16401K [0x00000006eab00000, 0x00000006f0880000, 0x00000007c0000000)
  eden space 75264K, 21% used [0x00000006eab00000,0x00000006ebb04460,0x00000006ef480000)
  from space 10240K, 0% used [0x00000006ef480000,0x00000006ef480000,0x00000006efe80000)
  to   space 8704K, 0% used [0x00000006f0000000,0x00000006f0000000,0x00000006f0880000)
 ParOldGen       total 67072K, used 15359K [0x0000000540000000, 0x0000000544180000, 0x00000006eab00000)
  object space 67072K, 22% used [0x0000000540000000,0x0000000540efff30,0x0000000544180000)
 Metaspace       used 37022K, capacity 37946K, committed 38360K, reserved 1083392K
  class space    used 4965K, capacity 5299K, committed 5376K, reserved 1048576K
GC Heap History (10 events):
Event: 14.066 GC heap before
{Heap before GC invocations=7 (full 1):
 PSYoungGen      total 38400K, used 37283K [0x00000006eab00000, 0x00000006ef080000, 0x00000007c0000000)
  eden space 33280K, 100% used [0x00000006eab00000,0x00000006ecb80000,0x00000006ecb80000)
  from space 5120K, 78% used [0x00000006ecb80000,0x00000006ecf68dd8,0x00000006ed080000)
  to   space 11264K, 0% used [0x00000006ee580000,0x00000006ee580000,0x00000006ef080000)
 ParOldGen       total 67072K, used 9003K [0x0000000540000000, 0x0000000544180000, 0x00000006eab00000)
  object space 67072K, 13% used [0x0000000540000000,0x00000005408cad50,0x0000000544180000)
 Metaspace       used 25888K, capacity 26466K, committed 26752K, reserved 1073152K
  class space    used 3526K, capacity 3702K, committed 3712K, reserved 1048576K
Event: 14.080 GC heap after
Heap after GC invocations=7 (full 1):
 PSYoungGen      total 60416K, used 5519K [0x00000006eab00000, 0x00000006ef280000, 0x00000007c0000000)
  eden space 49152K, 0% used [0x00000006eab00000,0x00000006eab00000,0x00000006edb00000)
  from space 11264K, 49% used [0x00000006ee580000,0x00000006eeae3ef0,0x00000006ef080000)
  to   space 10752K, 0% used [0x00000006edb00000,0x00000006edb00000,0x00000006ee580000)
 ParOldGen       total 67072K, used 9011K [0x0000000540000000, 0x0000000544180000, 0x00000006eab00000)
  object space 67072K, 13% used [0x0000000540000000,0x00000005408ccd50,0x0000000544180000)
 Metaspace       used 25888K, capacity 26466K, committed 26752K, reserved 1073152K
  class space    used 3526K, capacity 3702K, committed 3712K, reserved 1048576K
}
Event: 15.876 GC heap before
{Heap before GC invocations=8 (full 1):
 PSYoungGen      total 60416K, used 54671K [0x00000006eab00000, 0x00000006ef280000, 0x00000007c0000000)
  eden space 49152K, 100% used [0x00000006eab00000,0x00000006edb00000,0x00000006edb00000)
  from space 11264K, 49% used [0x00000006ee580000,0x00000006eeae3ef0,0x00000006ef080000)
  to   space 10752K, 0% used [0x00000006edb00000,0x00000006edb00000,0x00000006ee580000)
 ParOldGen       total 67072K, used 9011K [0x0000000540000000, 0x0000000544180000, 0x00000006eab00000)
  object space 67072K, 13% used [0x0000000540000000,0x00000005408ccd50,0x0000000544180000)
 Metaspace       used 30096K, capacity 30764K, committed 30976K, reserved 1075200K
  class space    used 4109K, capacity 4323K, committed 4352K, reserved 1048576K
Event: 15.890 GC heap after
Heap after GC invocations=8 (full 1):
 PSYoungGen      total 59904K, used 7786K [0x00000006eab00000, 0x00000006f0a80000, 0x00000007c0000000)
  eden space 49152K, 0% used [0x00000006eab00000,0x00000006eab00000,0x00000006edb00000)
  from space 10752K, 72% used [0x00000006edb00000,0x00000006ee29aac8,0x00000006ee580000)
  to   space 10752K, 0% used [0x00000006f0000000,0x00000006f0000000,0x00000006f0a80000)
 ParOldGen       total 67072K, used 9083K [0x0000000540000000, 0x0000000544180000, 0x00000006eab00000)
  object space 67072K, 13% used [0x0000000540000000,0x00000005408ded60,0x0000000544180000)
 Metaspace       used 30096K, capacity 30764K, committed 30976K, reserved 1075200K
  class space    used 4109K, capacity 4323K, committed 4352K, reserved 1048576K
}
Event: 17.855 GC heap before
{Heap before GC invocations=9 (full 1):
 PSYoungGen      total 59904K, used 56938K [0x00000006eab00000, 0x00000006f0a80000, 0x00000007c0000000)
  eden space 49152K, 100% used [0x00000006eab00000,0x00000006edb00000,0x00000006edb00000)
  from space 10752K, 72% used [0x00000006edb00000,0x00000006ee29aac8,0x00000006ee580000)
  to   space 10752K, 0% used [0x00000006f0000000,0x00000006f0000000,0x00000006f0a80000)
 ParOldGen       total 67072K, used 9083K [0x0000000540000000, 0x0000000544180000, 0x00000006eab00000)
  object space 67072K, 13% used [0x0000000540000000,0x00000005408ded60,0x0000000544180000)
 Metaspace       used 31320K, capacity 32138K, committed 32512K, reserved 1077248K
  class space    used 4259K, capacity 4524K, committed 4608K, reserved 1048576K
Event: 17.867 GC heap after
Heap after GC invocations=9 (full 1):
 PSYoungGen      total 83968K, used 6858K [0x00000006eab00000, 0x00000006f0880000, 0x00000007c0000000)
  eden space 75264K, 0% used [0x00000006eab00000,0x00000006eab00000,0x00000006ef480000)
  from space 8704K, 78% used [0x00000006f0000000,0x00000006f06b2b08,0x00000006f0880000)
  to   space 10240K, 0% used [0x00000006ef480000,0x00000006ef480000,0x00000006efe80000)
 ParOldGen       total 67072K, used 9091K [0x0000000540000000, 0x0000000544180000, 0x00000006eab00000)
  object space 67072K, 13% used [0x0000000540000000,0x00000005408e0d60,0x0000000544180000)
 Metaspace       used 31320K, capacity 32138K, committed 32512K, reserved 1077248K
  class space    used 4259K, capacity 4524K, committed 4608K, reserved 1048576K
}
Event: 18.875 GC heap before
{Heap before GC invocations=10 (full 1):
 PSYoungGen      total 83968K, used 27838K [0x00000006eab00000, 0x00000006f0880000, 0x00000007c0000000)
  eden space 75264K, 27% used [0x00000006eab00000,0x00000006ebf7cfd8,0x00000006ef480000)
  from space 8704K, 78% used [0x00000006f0000000,0x00000006f06b2b08,0x00000006f0880000)
  to   space 10240K, 0% used [0x00000006ef480000,0x00000006ef480000,0x00000006efe80000)
 ParOldGen       total 67072K, used 9091K [0x0000000540000000, 0x0000000544180000, 0x00000006eab00000)
  object space 67072K, 13% used [0x0000000540000000,0x00000005408e0d60,0x0000000544180000)
 Metaspace       used 34367K, capacity 35284K, committed 35416K, reserved 1079296K
  class space    used 4662K, capacity 4986K, committed 4992K, reserved 1048576K
Event: 18.894 GC heap after
Heap after GC invocations=10 (full 1):
 PSYoungGen      total 85504K, used 9076K [0x00000006eab00000, 0x00000006f0880000, 0x00000007c0000000)
  eden space 75264K, 0% used [0x00000006eab00000,0x00000006eab00000,0x00000006ef480000)
  from space 10240K, 88% used [0x00000006ef480000,0x00000006efd5d2b0,0x00000006efe80000)
  to   space 8704K, 0% used [0x00000006f0000000,0x00000006f0000000,0x00000006f0880000)
 ParOldGen       total 67072K, used 9099K [0x0000000540000000, 0x0000000544180000, 0x00000006eab00000)
  object space 67072K, 13% used [0x0000000540000000,0x00000005408e2d60,0x0000000544180000)
 Metaspace       used 34367K, capacity 35284K, committed 35416K, reserved 1079296K
  class space    used 4662K, capacity 4986K, committed 4992K, reserved 1048576K
}
Event: 18.894 GC heap before
{Heap before GC invocations=11 (full 2):
 PSYoungGen      total 85504K, used 9076K [0x00000006eab00000, 0x00000006f0880000, 0x00000007c0000000)
  eden space 75264K, 0% used [0x00000006eab00000,0x00000006eab00000,0x00000006ef480000)
  from space 10240K, 88% used [0x00000006ef480000,0x00000006efd5d2b0,0x00000006efe80000)
  to   space 8704K, 0% used [0x00000006f0000000,0x00000006f0000000,0x00000006f0880000)
 ParOldGen       total 67072K, used 9099K [0x0000000540000000, 0x0000000544180000, 0x00000006eab00000)
  object space 67072K, 13% used [0x0000000540000000,0x00000005408e2d60,0x0000000544180000)
 Metaspace       used 34367K, capacity 35284K, committed 35416K, reserved 1079296K
  class space    used 4662K, capacity 4986K, committed 4992K, reserved 1048576K
Event: 19.025 GC heap after
Heap after GC invocations=11 (full 2):
 PSYoungGen      total 85504K, used 0K [0x00000006eab00000, 0x00000006f0880000, 0x00000007c0000000)
  eden space 75264K, 0% used [0x00000006eab00000,0x00000006eab00000,0x00000006ef480000)
  from space 10240K, 0% used [0x00000006ef480000,0x00000006ef480000,0x00000006efe80000)
  to   space 8704K, 0% used [0x00000006f0000000,0x00000006f0000000,0x00000006f0880000)
 ParOldGen       total 67072K, used 15359K [0x0000000540000000, 0x0000000544180000, 0x00000006eab00000)
  object space 67072K, 22% used [0x0000000540000000,0x0000000540efff30,0x0000000544180000)
 Metaspace       used 34367K, capacity 35284K, committed 35416K, reserved 1079296K
  class space    used 4662K, capacity 4986K, committed 4992K, reserved 1048576K
}

